{
  "RSpec": {
    "coverage": {
      "/Users/student/Projects/makersbnb/spec/space_spec.rb": {
        "lines": [
          1,
          null,
          1,
          null,
          1,
          1,
          1,
          1,
          null,
          1,
          1,
          null,
          null,
          null,
          1,
          1,
          1,
          null,
          1,
          1,
          1,
          1,
          null,
          null,
          null,
          1,
          1,
          1,
          1,
          null,
          null,
          null
        ]
      },
      "/Users/student/Projects/makersbnb/lib/space.rb": {
        "lines": [
          1,
          null,
          1,
          1,
          1,
          9,
          9,
          null,
          null,
          1,
          4,
          12,
          null,
          null,
          1,
          1,
          null,
          null,
          null
        ]
      },
      "/Users/student/Projects/makersbnb/lib/database_connection.rb": {
        "lines": [
          1,
          1,
          1,
          4,
          null,
          1,
          9,
          null,
          null
        ]
      }
    },
    "timestamp": 1597151988
  }
}
