{
  "RSpec": {
    "coverage": {
      "/Users/student/Projects/makersbnb/spec/space_spec.rb": {
        "lines": [
          1,
          null,
          1,
          null,
          1,
          1,
          1,
          1,
          null,
          null,
          null
        ]
      },
      "/Users/student/Projects/makersbnb/lib/space.rb": {
        "lines": [
          1,
          1,
          1,
          1,
          null,
          null,
          null
        ]
      }
    },
    "timestamp": 1597138937
  }
}
